<?xml version="1.0" encoding="UTF-8"?>
<!-- Generated by org.testng.reporters.JUnitReportReporter -->
<testsuite hostname="hamza" failures="0" tests="6" name="AlmosaferWeb.myTestCases" time="15.072" errors="0" timestamp="2024-02-03T12:45:21 EET" skipped="5">
  <testcase classname="AlmosaferWeb.myTestCases" name="randomMethodToChangeTheLanguge" time="15.072"/>
  <system-out/>
  <testcase classname="AlmosaferWeb.myTestCases" name="checkTheDefultLanguge">
    <skipped/>
  </testcase> <!-- checkTheDefultLanguge -->
  <system-out/>
  <testcase classname="AlmosaferWeb.myTestCases" name="checkTheDefultLCurancy">
    <skipped/>
  </testcase> <!-- checkTheDefultLCurancy -->
  <system-out/>
  <testcase classname="AlmosaferWeb.myTestCases" name="checkTheHoteltabIsNotSelectedByDefult">
    <skipped/>
  </testcase> <!-- checkTheHoteltabIsNotSelectedByDefult -->
  <system-out/>
  <testcase classname="AlmosaferWeb.myTestCases" name="checkTheQetafLogo">
    <skipped/>
  </testcase> <!-- checkTheQetafLogo -->
  <system-out/>
  <testcase classname="AlmosaferWeb.myTestCases" name="checkThecontactNumber">
    <skipped/>
  </testcase> <!-- checkThecontactNumber -->
  <system-out/>
</testsuite> <!-- AlmosaferWeb.myTestCases -->
